Arguments: 
  /Users/matt-wood/.nvm/versions/node/v8.11.3/bin/node /usr/local/Cellar/yarn/1.9.4/libexec/bin/yarn.js

PATH: 
  /Users/matt-wood/.nvm/versions/node/v8.11.3/bin:/Users/matt-wood/.rvm/gems/ruby-2.4.1/bin:/Users/matt-wood/.rvm/gems/ruby-2.4.1@global/bin:/Users/matt-wood/.rvm/rubies/ruby-2.4.1/bin:/Users/matt-wood/.rvm/bin:/bin:/usr/local/bin:/Users/matt-wood/bin:/Users/matt-wood/.nvm:/Users/matt-wood/.nvm:/usr/local/bin:/usr/local/bin:/Users/matt-wood/bin:/Users/matt-wood/.nvm:/Users/matt-wood/.nvm:/usr/local/bin:/Users/matt-wood/.config/fnm/bin:/usr/local/bin:/usr/bin:/bin:/usr/sbin:/sbin:/opt/X11/bin:/usr/local/share/dotnet:/usr/local/go/bin

Yarn version: 
  1.9.4

Node version: 
  8.11.3

Platform: 
  darwin x64

Trace: 
  Error: ENOSPC: no space left on device, copyfile '/Users/matt-wood/Library/Caches/Yarn/v2/npm-regexpp-1.1.0-0e3516dd0b7904f413d2d4193dce4618c3a689ab/index.js.map' -> '/Users/matt-wood/code/hoc-component-library/node_modules/regexpp/index.js.map'

npm manifest: 
  {
    "name": "react-component-boilerplate",
    "description": "Boilerplate for React.js components",
    "author": "Juho Vepsalainen",
    "user": "survivejs",
    "version": "6.1.2",
    "scripts": {
      "start": "catalog start docs",
      "test": "jest",
      "test:coverage": "jest --coverage",
      "test:watch": "jest --watch",
      "test:lint": "eslint . --ignore-path .gitignore",
      "gh-pages": "catalog build docs",
      "gh-pages:deploy": "gh-pages -d docs/build",
      "dist:es6": "del-cli ./dist-es6 && cross-env BABEL_ENV=es6 babel ./src --out-dir ./dist-es6",
      "dist:modules": "del-cli ./dist-modules && cross-env BABEL_ENV=modules babel ./src --out-dir ./dist-modules",
      "preversion": "npm run test",
      "prepublishOnly": "npm run dist:es6 && npm run dist:modules",
      "postpublish": "npm run gh-pages && npm run gh-pages:deploy",
      "postinstall": "node lib/post_install.js"
    },
    "main": "dist-modules",
    "module": "dist-es6",
    "jsnext:main": "dist-es6",
    "devDependencies": {
      "babel-cli": "^6.26.0",
      "babel-core": "^6.26.0",
      "babel-eslint": "^8.2.2",
      "babel-jest": "^22.4.1",
      "babel-plugin-syntax-dynamic-import": "^6.18.0",
      "babel-plugin-transform-react-remove-prop-types": "^0.4.13",
      "babel-preset-env": "^1.6.1",
      "babel-preset-react": "^6.24.1",
      "catalog": "^3.4.0",
      "chai": "^4.1.2",
      "cross-env": "^5.1.3",
      "del-cli": "^1.1.0",
      "enzyme": "^3.3.0",
      "enzyme-adapter-react-16": "^1.1.1",
      "eslint": "^4.18.2",
      "eslint-config-airbnb": "^16.1.0",
      "eslint-plugin-import": "^2.9.0",
      "eslint-plugin-jsx-a11y": "^6.0.3",
      "eslint-plugin-react": "^7.7.0",
      "gh-pages": "^1.1.0",
      "git-prepush-hook": "^1.0.2",
      "jest": "^22.4.2",
      "purecss": "^1.0.0",
      "react": "^16.2.0",
      "react-addons-test-utils": "^15.6.2",
      "react-dom": "^16.2.0",
      "react-github-corner": "^2.1.0",
      "rimraf": "^2.6.2",
      "sync-exec": "^0.6.2",
      "webpack": "^3.10.0"
    },
    "peerDependencies": {
      "react": ">= 0.11.2 < 16.0.2"
    },
    "repository": {
      "type": "git",
      "url": "https://github.com/survivejs/react-component-boilerplate.git"
    },
    "homepage": "https://survivejs.github.io/react-component-boilerplate/",
    "bugs": {
      "url": "https://github.com/survivejs/react-component-boilerplate/issues"
    },
    "jest": {
      "collectCoverage": true,
      "moduleFileExtensions": [
        "js",
        "jsx"
      ],
      "moduleDirectories": [
        "node_modules",
        "packages"
      ]
    },
    "keywords": [
      "react",
      "reactjs",
      "boilerplate"
    ],
    "license": "MIT",
    "pre-push": [
      "test"
    ]
  }

yarn manifest: 
  No manifest

Lockfile: 
  No lockfile
